<?xml version="1.0" encoding="UTF-8"?>
<!-- Generated by org.testng.reporters.JUnitReportReporter -->
<testsuite hostname="DESKTOP-F0SEMFK" failures="0" tests="2" name="rahulshettyacademy.InkclickTests.StudentLogin" time="22.252" errors="0" timestamp="2022-12-14T13:34:44 IST" skipped="0">
  <testcase classname="rahulshettyacademy.InkclickTests.StudentLogin" name="login" time="7.646"/>
  <system-out/>
  <testcase classname="rahulshettyacademy.InkclickTests.StudentLogin" name="loginErrorValidation" time="14.606"/>
  <system-out/>
</testsuite> <!-- rahulshettyacademy.InkclickTests.StudentLogin -->
