<?xml version="1.0" encoding="UTF-8"?>
<!-- Generated by org.testng.reporters.JUnitReportReporter -->
<testsuite hostname="DESKTOP-F0SEMFK" failures="0" tests="1" name="rahulshettyacademy.InkclickTests.LogIn" time="8.481" errors="0" timestamp="2022-12-12T18:02:07 IST" skipped="0">
  <testcase classname="rahulshettyacademy.InkclickTests.LogIn" name="login" time="8.481"/>
  <system-out/>
</testsuite> <!-- rahulshettyacademy.InkclickTests.LogIn -->
