<?xml version="1.0" encoding="UTF-8"?>
<!-- Generated by org.testng.reporters.JUnitReportReporter -->
<testsuite hostname="DESKTOP-F0SEMFK" failures="0" tests="1" name="rahulshettyacademy.InkclickTests.CreateGroup" time="15.840" errors="0" timestamp="2022-12-14T13:34:44 IST" skipped="0">
  <testcase classname="rahulshettyacademy.InkclickTests.CreateGroup" name="group" time="15.840"/>
  <system-out/>
</testsuite> <!-- rahulshettyacademy.InkclickTests.CreateGroup -->
